<?xml version="1.0" encoding="UTF-8"?>
<!-- Generated by org.testng.reporters.JUnitReportReporter -->
<testsuite hostname="LAPTOP-GIHK6IHP" failures="0" tests="1" name="bestBut.unit.ReadConfigUnitTest" time="0.010" errors="0" timestamp="2023-10-02T03:30:56 EDT" skipped="0">
  <testcase classname="bestBut.unit.ReadConfigUnitTest" name="getPropertiesTest" time="0.010"/>
</testsuite> <!-- bestBut.unit.ReadConfigUnitTest -->
